# JRE version: Java(TM) SE Runtime Environment (8.0_131-b11) (build 1.8.0_131-b11)
# Java VM: Java HotSpot(TM) Client VM (25.131-b11 mixed mode windows-x86 )
Heap:
 def new generation   total 5952K, used 5952K [0x04000000, 0x04670000, 0x09550000)
  eden space 5312K, 100% used [0x04000000, 0x04530000, 0x04530000)
  from space 640K, 100% used [0x045d0000, 0x04670000, 0x04670000)
  to   space 640K,  86% used [0x04530000, 0x045b9b48, 0x045d0000)
 tenured generation   total 13712K, used 13711K [0x09550000, 0x0a2b4000, 0x14000000)
   the space 13712K,  99% used [0x09550000, 0x0a2b3ff8, 0x0a2b4000, 0x0a2b4000)
 Metaspace       used 17199K, capacity 17405K, committed 17536K, reserved 17792K
GC Heap History (10 events):
Event: 7.359 GC heap after
Heap after GC invocations=41 (full 3):
 def new generation   total 5952K, used 0K [0x04000000, 0x04670000, 0x09550000)
  eden space 5312K,   0% used [0x04000000, 0x04000000, 0x04530000)
  from space 640K,   0% used [0x04530000, 0x04530000, 0x045d0000)
  to   space 640K,   0% used [0x045d0000, 0x045d0000, 0x04670000)
 tenured generation   total 13120K, used 12039K [0x09550000, 0x0a220000, 0x14000000)
   the space 13120K,  91% used [0x09550000, 0x0a111d70, 0x0a111e00, 0x0a220000)
 Metaspace       used 15773K, capacity 15972K, committed 16128K, reserved 16768K
}
Event: 7.571 GC heap before
{Heap before GC invocations=41 (full 3):
 def new generation   total 5952K, used 5312K [0x04000000, 0x04670000, 0x09550000)
  eden space 5312K, 100% used [0x04000000, 0x04530000, 0x04530000)
  from space 640K,   0% used [0x04530000, 0x04530000, 0x045d0000)
  to   space 640K,   0% used [0x045d0000, 0x045d0000, 0x04670000)
 tenured generation   total 13120K, used 12039K [0x09550000, 0x0a220000, 0x14000000)
   the space 13120K,  91% used [0x09550000, 0x0a111d70, 0x0a111e00, 0x0a220000)
 Metaspace       used 15947K, capacity 16164K, committed 16256K, reserved 16768K
Event: 7.579 GC heap after
Heap after GC invocations=42 (full 3):
 def new generation   total 5952K, used 538K [0x04000000, 0x04670000, 0x09550000)
  eden space 5312K,   0% used [0x04000000, 0x04000000, 0x04530000)
  from space 640K,  84% used [0x045d0000, 0x046569d8, 0x04670000)
  to   space 640K,   0% used [0x04530000, 0x04530000, 0x045d0000)
 tenured generation   total 13120K, used 12039K [0x09550000, 0x0a220000, 0x14000000)
   the space 13120K,  91% used [0x09550000, 0x0a111d70, 0x0a111e00, 0x0a220000)
 Metaspace       used 15947K, capacity 16164K, committed 16256K, reserved 16768K
}
Event: 7.805 GC heap before
{Heap before GC invocations=42 (full 3):
 def new generation   total 5952K, used 5850K [0x04000000, 0x04670000, 0x09550000)
  eden space 5312K, 100% used [0x04000000, 0x04530000, 0x04530000)
  from space 640K,  84% used [0x045d0000, 0x046569d8, 0x04670000)
  to   space 640K,   0% used [0x04530000, 0x04530000, 0x045d0000)
 tenured generation   total 13120K, used 12039K [0x09550000, 0x0a220000, 0x14000000)
   the space 13120K,  91% used [0x09550000, 0x0a111d70, 0x0a111e00, 0x0a220000)
 Metaspace       used 16034K, capacity 16228K, committed 16384K, reserved 16768K
Event: 7.812 GC heap after
Heap after GC invocations=43 (full 3):
 def new generation   total 5952K, used 387K [0x04000000, 0x04670000, 0x09550000)
  eden space 5312K,   0% used [0x04000000, 0x04000000, 0x04530000)
  from space 640K,  60% used [0x04530000, 0x04590f70, 0x045d0000)
  to   space 640K,   0% used [0x045d0000, 0x045d0000, 0x04670000)
 tenured generation   total 13120K, used 12308K [0x09550000, 0x0a220000, 0x14000000)
   the space 13120K,  93% used [0x09550000, 0x0a155200, 0x0a155200, 0x0a220000)
 Metaspace       used 16034K, capacity 16228K, committed 16384K, reserved 16768K
}
Event: 8.024 GC heap before
{Heap before GC invocations=43 (full 3):
 def new generation   total 5952K, used 5699K [0x04000000, 0x04670000, 0x09550000)
  eden space 5312K, 100% used [0x04000000, 0x04530000, 0x04530000)
  from space 640K,  60% used [0x04530000, 0x04590f70, 0x045d0000)
  to   space 640K,   0% used [0x045d0000, 0x045d0000, 0x04670000)
 tenured generation   total 13120K, used 12308K [0x09550000, 0x0a220000, 0x14000000)
   the space 13120K,  93% used [0x09550000, 0x0a155200, 0x0a155200, 0x0a220000)
 Metaspace       used 16220K, capacity 16420K, committed 16512K, reserved 16768K
Event: 8.031 GC heap after
Heap after GC invocations=44 (full 3):
 def new generation   total 5952K, used 482K [0x04000000, 0x04670000, 0x09550000)
  eden space 5312K,   0% used [0x04000000, 0x04000000, 0x04530000)
  from space 640K,  75% used [0x045d0000, 0x04648bc8, 0x04670000)
  to   space 640K,   0% used [0x04530000, 0x04530000, 0x045d0000)
 tenured generation   total 13120K, used 12613K [0x09550000, 0x0a220000, 0x14000000)
   the space 13120K,  96% used [0x09550000, 0x0a1a15d0, 0x0a1a1600, 0x0a220000)
 Metaspace       used 16220K, capacity 16420K, committed 16512K, reserved 16768K
}
Event: 8.316 GC heap before
{Heap before GC invocations=44 (full 3):
 def new generation   total 5952K, used 5794K [0x04000000, 0x04670000, 0x09550000)
  eden space 5312K, 100% used [0x04000000, 0x04530000, 0x04530000)
  from space 640K,  75% used [0x045d0000, 0x04648bc8, 0x04670000)
  to   space 640K,   0% used [0x04530000, 0x04530000, 0x045d0000)
 tenured generation   total 13120K, used 12613K [0x09550000, 0x0a220000, 0x14000000)
   the space 13120K,  96% used [0x09550000, 0x0a1a15d0, 0x0a1a1600, 0x0a220000)
 Metaspace       used 16784K, capacity 16998K, committed 17152K, reserved 17792K
Event: 8.328 GC heap after
Heap after GC invocations=45 (full 3):
 def new generation   total 5952K, used 550K [0x04000000, 0x04670000, 0x09550000)
  eden space 5312K,   0% used [0x04000000, 0x04000000, 0x04530000)
  from space 640K,  86% used [0x04530000, 0x045b9b48, 0x045d0000)
  to   space 640K,   0% used [0x045d0000, 0x045d0000, 0x04670000)
 tenured generation   total 13120K, used 12860K [0x09550000, 0x0a220000, 0x14000000)
   the space 13120K,  98% used [0x09550000, 0x0a1df060, 0x0a1df200, 0x0a220000)
 Metaspace       used 16784K, capacity 16998K, committed 17152K, reserved 17792K
}
Event: 8.892 GC heap before
{Heap before GC invocations=45 (full 3):
 def new generation   total 5952K, used 5862K [0x04000000, 0x04670000, 0x09550000)
  eden space 5312K, 100% used [0x04000000, 0x04530000, 0x04530000)
  from space 640K,  86% used [0x04530000, 0x045b9b48, 0x045d0000)
  to   space 640K,   0% used [0x045d0000, 0x045d0000, 0x04670000)
 tenured generation   total 13120K, used 12860K [0x09550000, 0x0a220000, 0x14000000)
   the space 13120K,  98% used [0x09550000, 0x0a1df060, 0x0a1df200, 0x0a220000)
 Metaspace       used 17199K, capacity 17405K, committed 17536K, reserved 17792K

