# JRE version: Java(TM) SE Runtime Environment (8.0_131-b11) (build 1.8.0_131-b11)
# Java VM: Java HotSpot(TM) Client VM (25.131-b11 mixed mode windows-x86 )
Heap:
 def new generation   total 5248K, used 1985K [0x04600000, 0x04bb0000, 0x09b50000)
  eden space 4672K,  42% used [0x04600000, 0x047f0620, 0x04a90000)
  from space 576K,   0% used [0x04a90000, 0x04a90000, 0x04b20000)
  to   space 576K,   0% used [0x04b20000, 0x04b20000, 0x04bb0000)
 tenured generation   total 12740K, used 11248K [0x09b50000, 0x0a7c1000, 0x14600000)
   the space 12740K,  88% used [0x09b50000, 0x0a64c138, 0x0a64c200, 0x0a7c1000)
 Metaspace       used 15195K, capacity 15406K, committed 15488K, reserved 15744K
GC Heap History (10 events):
Event: 8.403 GC heap before
{Heap before GC invocations=36 (full 1):
 def new generation   total 5248K, used 5220K [0x04600000, 0x04bb0000, 0x09b50000)
  eden space 4672K, 100% used [0x04600000, 0x04a90000, 0x04a90000)
  from space 576K,  95% used [0x04b20000, 0x04ba93e0, 0x04bb0000)
  to   space 576K,   0% used [0x04a90000, 0x04a90000, 0x04b20000)
 tenured generation   total 11588K, used 8652K [0x09b50000, 0x0a6a1000, 0x14600000)
   the space 11588K,  74% used [0x09b50000, 0x0a3c3078, 0x0a3c3200, 0x0a6a1000)
 Metaspace       used 13678K, capacity 13870K, committed 13952K, reserved 14720K
Event: 8.408 GC heap after
Heap after GC invocations=37 (full 1):
 def new generation   total 5248K, used 456K [0x04600000, 0x04bb0000, 0x09b50000)
  eden space 4672K,   0% used [0x04600000, 0x04600000, 0x04a90000)
  from space 576K,  79% used [0x04a90000, 0x04b023e8, 0x04b20000)
  to   space 576K,   0% used [0x04b20000, 0x04b20000, 0x04bb0000)
 tenured generation   total 11588K, used 8767K [0x09b50000, 0x0a6a1000, 0x14600000)
   the space 11588K,  75% used [0x09b50000, 0x0a3dfe00, 0x0a3dfe00, 0x0a6a1000)
 Metaspace       used 13678K, capacity 13870K, committed 13952K, reserved 14720K
}
Event: 8.584 GC heap before
{Heap before GC invocations=37 (full 1):
 def new generation   total 5248K, used 5128K [0x04600000, 0x04bb0000, 0x09b50000)
  eden space 4672K, 100% used [0x04600000, 0x04a90000, 0x04a90000)
  from space 576K,  79% used [0x04a90000, 0x04b023e8, 0x04b20000)
  to   space 576K,   0% used [0x04b20000, 0x04b20000, 0x04bb0000)
 tenured generation   total 11588K, used 8767K [0x09b50000, 0x0a6a1000, 0x14600000)
   the space 11588K,  75% used [0x09b50000, 0x0a3dfe00, 0x0a3dfe00, 0x0a6a1000)
 Metaspace       used 13827K, capacity 14030K, committed 14080K, reserved 14720K
Event: 8.591 GC heap after
Heap after GC invocations=38 (full 1):
 def new generation   total 5248K, used 426K [0x04600000, 0x04bb0000, 0x09b50000)
  eden space 4672K,   0% used [0x04600000, 0x04600000, 0x04a90000)
  from space 576K,  74% used [0x04b20000, 0x04b8abe8, 0x04bb0000)
  to   space 576K,   0% used [0x04a90000, 0x04a90000, 0x04b20000)
 tenured generation   total 11588K, used 8969K [0x09b50000, 0x0a6a1000, 0x14600000)
   the space 11588K,  77% used [0x09b50000, 0x0a412458, 0x0a412600, 0x0a6a1000)
 Metaspace       used 13827K, capacity 14030K, committed 14080K, reserved 14720K
}
Event: 8.774 GC heap before
{Heap before GC invocations=38 (full 1):
 def new generation   total 5248K, used 5098K [0x04600000, 0x04bb0000, 0x09b50000)
  eden space 4672K, 100% used [0x04600000, 0x04a90000, 0x04a90000)
  from space 576K,  74% used [0x04b20000, 0x04b8abe8, 0x04bb0000)
  to   space 576K,   0% used [0x04a90000, 0x04a90000, 0x04b20000)
 tenured generation   total 11588K, used 8969K [0x09b50000, 0x0a6a1000, 0x14600000)
   the space 11588K,  77% used [0x09b50000, 0x0a412458, 0x0a412600, 0x0a6a1000)
 Metaspace       used 13942K, capacity 14126K, committed 14208K, reserved 14720K
Event: 8.783 GC heap after
Heap after GC invocations=39 (full 1):
 def new generation   total 5248K, used 391K [0x04600000, 0x04bb0000, 0x09b50000)
  eden space 4672K,   0% used [0x04600000, 0x04600000, 0x04a90000)
  from space 576K,  68% used [0x04a90000, 0x04af1fa8, 0x04b20000)
  to   space 576K,   0% used [0x04b20000, 0x04b20000, 0x04bb0000)
 tenured generation   total 11588K, used 9273K [0x09b50000, 0x0a6a1000, 0x14600000)
   the space 11588K,  80% used [0x09b50000, 0x0a45e590, 0x0a45e600, 0x0a6a1000)
 Metaspace       used 13942K, capacity 14126K, committed 14208K, reserved 14720K
}
Event: 9.461 GC heap before
{Heap before GC invocations=39 (full 1):
 def new generation   total 5248K, used 5063K [0x04600000, 0x04bb0000, 0x09b50000)
  eden space 4672K, 100% used [0x04600000, 0x04a90000, 0x04a90000)
  from space 576K,  68% used [0x04a90000, 0x04af1fa8, 0x04b20000)
  to   space 576K,   0% used [0x04b20000, 0x04b20000, 0x04bb0000)
 tenured generation   total 11588K, used 9273K [0x09b50000, 0x0a6a1000, 0x14600000)
   the space 11588K,  80% used [0x09b50000, 0x0a45e590, 0x0a45e600, 0x0a6a1000)
 Metaspace       used 14411K, capacity 14606K, committed 14720K, reserved 14720K
Event: 9.469 GC heap after
Heap after GC invocations=40 (full 1):
 def new generation   total 5248K, used 576K [0x04600000, 0x04bb0000, 0x09b50000)
  eden space 4672K,   0% used [0x04600000, 0x04600000, 0x04a90000)
  from space 576K, 100% used [0x04b20000, 0x04bb0000, 0x04bb0000)
  to   space 576K,   0% used [0x04a90000, 0x04a90000, 0x04b20000)
 tenured generation   total 11588K, used 9614K [0x09b50000, 0x0a6a1000, 0x14600000)
   the space 11588K,  82% used [0x09b50000, 0x0a4b3b08, 0x0a4b3c00, 0x0a6a1000)
 Metaspace       used 14411K, capacity 14606K, committed 14720K, reserved 14720K
}
Event: 9.822 GC heap before
{Heap before GC invocations=40 (full 1):
 def new generation   total 5248K, used 5211K [0x04600000, 0x04bb0000, 0x09b50000)
  eden space 4672K,  99% used [0x04600000, 0x04a86ed8, 0x04a90000)
  from space 576K, 100% used [0x04b20000, 0x04bb0000, 0x04bb0000)
  to   space 576K,   0% used [0x04a90000, 0x04a90000, 0x04b20000)
 tenured generation   total 11588K, used 9614K [0x09b50000, 0x0a6a1000, 0x14600000)
   the space 11588K,  82% used [0x09b50000, 0x0a4b3b08, 0x0a4b3c00, 0x0a6a1000)
 Metaspace       used 15010K, capacity 15214K, committed 15360K, reserved 15744K
Event: 9.949 GC heap after
Heap after GC invocations=41 (full 2):
 def new generation   total 5248K, used 0K [0x04600000, 0x04bb0000, 0x09b50000)
  eden space 4672K,   0% used [0x04600000, 0x04600000, 0x04a90000)
  from space 576K,   0% used [0x04a90000, 0x04a90000, 0x04b20000)
  to   space 576K,   0% used [0x04b20000, 0x04b20000, 0x04bb0000)
 tenured generation   total 12740K, used 11248K [0x09b50000, 0x0a7c1000, 0x14600000)
   the space 12740K,  88% used [0x09b50000, 0x0a64c138, 0x0a64c200, 0x0a7c1000)
 Metaspace       used 15010K, capacity 15214K, committed 15360K, reserved 15744K
}

